Сборка начата 08.12.2022 12:18:13.
Уровень детализации журнала: Normal.     1>Проект "C:\Users\ilyas\Desktop\универ\ЯП\SIA-2022\SIA-2022\SIA-2022.vcxproj" в узле 2 (целевые объекты Build).
     1>InitializeBuildStatus:
         Создание "Debug\SIA-2022.tlog\unsuccessfulbuild", так как было задано "AlwaysCreate".
       ClCompile:
         Для всех выходных данных обновления не требуется.
         C:\Program Files\Microsoft Visual Studio\2022\Community\VC\Tools\MSVC\14.33.31629\bin\HostX86\x86\CL.exe /c /ZI /JMC /nologo /W3 /WX- /diagnostics:column /sdl /Od /Oy- /D WIN32 /D _DEBUG /D _CONSOLE /D _UNICODE /D UNICODE /Gm- /EHsc /RTC1 /MDd /GS /fp:precise /Zc:wchar_t /Zc:forScope /Zc:inline /permissive- /Yu"pch.h" /Fp"Debug\SIA-2022.pch" /Fo"Debug\\" /Fd"Debug\vc143.pdb" /external:W3 /Gd /TP /analyze- /FC /errorReport:prompt Generator.cpp
         Generator.cpp
       Link:
         C:\Program Files\Microsoft Visual Studio\2022\Community\VC\Tools\MSVC\14.33.31629\bin\HostX86\x86\link.exe /ERRORREPORT:PROMPT /OUT:"C:\Users\ilyas\Desktop\универ\ЯП\SIA-2022\Debug\SIA-2022.exe" /INCREMENTAL /ILK:"Debug\SIA-2022.ilk" /NOLOGO kernel32.lib user32.lib gdi32.lib winspool.lib comdlg32.lib advapi32.lib shell32.lib ole32.lib oleaut32.lib uuid.lib odbc32.lib odbccp32.lib /MANIFEST /MANIFESTUAC:"level='asInvoker' uiAccess='false'" /manifest:embed /DEBUG /PDB:"C:\Users\ilyas\Desktop\универ\ЯП\SIA-2022\Debug\SIA-2022.pdb" /SUBSYSTEM:CONSOLE /TLBID:1 /DYNAMICBASE /NXCOMPAT /IMPLIB:"C:\Users\ilyas\Desktop\универ\ЯП\SIA-2022\Debug\SIA-2022.lib" /MACHINE:X86 Debug\Error.obj
         Debug\FST.obj
         Debug\Generator.obj
         Debug\Greibach.obj
         Debug\In.obj
         Debug\IT.obj
         Debug\LexAnaliz.obj
         "Debug\SIA-2022.obj"
         Debug\Log.obj
         Debug\LT.obj
         Debug\MFST.obj
         Debug\Parm.obj
         Debug\pch.obj
         Debug\PolishNotation.obj
         Debug\SemAnaliz.obj
         SIA-2022.vcxproj -> C:\Users\ilyas\Desktop\универ\ЯП\SIA-2022\Debug\SIA-2022.exe
       FinalizeBuildStatus:
         Файл "Debug\SIA-2022.tlog\unsuccessfulbuild" удаляется.
         Обращение к "Debug\SIA-2022.tlog\SIA-2022.lastbuildstate".
     1>Сборка проекта "C:\Users\ilyas\Desktop\универ\ЯП\SIA-2022\SIA-2022\SIA-2022.vcxproj" завершена (целевые объекты Build).

Сборка успешно завершена.
    Предупреждений: 0
    Ошибок: 0

Прошло времени 00:00:00.89
