c:\users\ilyas\desktop\универ\яп\sia-2022\sia-2022\debug\sia-2022.pch
c:\users\ilyas\desktop\универ\яп\sia-2022\sia-2022\debug\vc143.pdb
c:\users\ilyas\desktop\универ\яп\sia-2022\sia-2022\debug\vc143.idb
c:\users\ilyas\desktop\универ\яп\sia-2022\sia-2022\debug\pch.obj
c:\users\ilyas\desktop\универ\яп\sia-2022\sia-2022\debug\semanaliz.obj
c:\users\ilyas\desktop\универ\яп\sia-2022\sia-2022\debug\polishnotation.obj
c:\users\ilyas\desktop\универ\яп\sia-2022\sia-2022\debug\parm.obj
c:\users\ilyas\desktop\универ\яп\sia-2022\sia-2022\debug\mfst.obj
c:\users\ilyas\desktop\универ\яп\sia-2022\sia-2022\debug\lt.obj
c:\users\ilyas\desktop\универ\яп\sia-2022\sia-2022\debug\log.obj
c:\users\ilyas\desktop\универ\яп\sia-2022\sia-2022\debug\sia-2022.obj
c:\users\ilyas\desktop\универ\яп\sia-2022\sia-2022\debug\lexanaliz.obj
c:\users\ilyas\desktop\универ\яп\sia-2022\sia-2022\debug\it.obj
c:\users\ilyas\desktop\универ\яп\sia-2022\sia-2022\debug\in.obj
c:\users\ilyas\desktop\универ\яп\sia-2022\sia-2022\debug\greibach.obj
c:\users\ilyas\desktop\универ\яп\sia-2022\sia-2022\debug\generator.obj
c:\users\ilyas\desktop\универ\яп\sia-2022\sia-2022\debug\error.obj
c:\users\ilyas\desktop\универ\яп\sia-2022\sia-2022\debug\sia-2022.tlog\cl.command.1.tlog
c:\users\ilyas\desktop\универ\яп\sia-2022\sia-2022\debug\sia-2022.tlog\cl.read.1.tlog
c:\users\ilyas\desktop\универ\яп\sia-2022\sia-2022\debug\sia-2022.tlog\cl.write.1.tlog
