c:\users\ilyas\desktop\универ\яп\sia-2022\generation\generation\debug\generation.pch
c:\users\ilyas\desktop\универ\яп\sia-2022\generation\generation\debug\vc143.pdb
c:\users\ilyas\desktop\универ\яп\sia-2022\generation\generation\debug\vc143.idb
c:\users\ilyas\desktop\универ\яп\sia-2022\generation\generation\debug\stdafx.obj
d:\шлак\кп_метла\course-project-3rd-sem\generation\debug\generation.ilk
d:\шлак\кп_метла\course-project-3rd-sem\generation\debug\generation.exe
d:\шлак\кп_метла\course-project-3rd-sem\generation\debug\generation.pdb
c:\users\ilyas\desktop\универ\яп\sia-2022\generation\debug\generation.exe
c:\users\ilyas\desktop\универ\яп\sia-2022\generation\generation\debug\generation.ilk
c:\users\ilyas\desktop\универ\яп\sia-2022\generation\debug\generation.pdb
c:\users\ilyas\desktop\универ\яп\sia-2022\generation\generation\debug\gen.obj
c:\users\ilyas\desktop\универ\яп\sia-2022\generation\generation\debug\generation.obj
c:\users\ilyas\desktop\универ\яп\sia-2022\generation\generation\debug\vc140.idb
c:\users\ilyas\desktop\универ\яп\sia-2022\generation\generation\debug\vc141.idb
c:\users\ilyas\desktop\универ\яп\sia-2022\generation\generation\debug\vc140.pdb
c:\users\ilyas\desktop\универ\яп\sia-2022\generation\generation\debug\vc141.pdb
c:\users\ilyas\desktop\универ\яп\sia-2022\generation\debug\generation.ilk
c:\users\ilyas\desktop\универ\яп\sia-2022\generation\generation\debug\generation.tlog\cl.command.1.tlog
c:\users\ilyas\desktop\универ\яп\sia-2022\generation\generation\debug\generation.tlog\cl.read.1.tlog
c:\users\ilyas\desktop\универ\яп\sia-2022\generation\generation\debug\generation.tlog\cl.write.1.tlog
c:\users\ilyas\desktop\универ\яп\sia-2022\generation\generation\debug\generation.tlog\generation.write.1u.tlog
c:\users\ilyas\desktop\универ\яп\sia-2022\generation\generation\debug\generation.tlog\link.command.1.tlog
c:\users\ilyas\desktop\универ\яп\sia-2022\generation\generation\debug\generation.tlog\link.read.1.tlog
c:\users\ilyas\desktop\универ\яп\sia-2022\generation\generation\debug\generation.tlog\link.write.1.tlog
c:\users\ilyas\desktop\универ\яп\sia-2022\generation\generation\debug\generation.tlog\masm.read.1u.tlog
c:\users\ilyas\desktop\универ\яп\sia-2022\generation\generation\debug\generation.tlog\masm.write.1u.tlog
